<?xml version="1.0" encoding="UTF-8"?>
<testsuite xmlns:xsi="http://www.w3.org/2001/XMLSchema-instance" xsi:noNamespaceSchemaLocation="https://maven.apache.org/surefire/maven-surefire-plugin/xsd/surefire-test-report-3.0.xsd" version="3.0" name="com.project.questo.QuestoApplicationTests" time="4.649" tests="1" errors="0" skipped="0" failures="0">
  <properties>
[...]
</properties>
  <testcase name="contextLoads" classname="com.project.questo.QuestoApplicationTests" time="1.105">
    <system-out><![CDATA[17:38:35.189 [main] INFO org.springframework.test.context.support.AnnotationConfigContextLoaderUtils -- Could not detect default configuration classes for test class [com.project.questo.QuestoApplicationTests]: QuestoApplicationTests does not declare any static, non-private, non-final, nested classes annotated with @Configuration.
17:38:35.353 [main] INFO org.springframework.boot.test.context.SpringBootTestContextBootstrapper -- Found @SpringBootConfiguration com.project.questo.QuestoApplication for test class com.project.questo.QuestoApplicationTests

  .   ____          _            __ _ _
 /\\ / ___'_ __ _ _(_)_ __  __ _ \ \ \ \
( ( )\___ | '_ | '_| | '_ \/ _` | \ \ \ \
 \\/  ___)| |_)| | | | | || (_| |  ) ) ) )
  '  |____| .__|_| |_|_| |_\__, | / / / /
 =========|_|==============|___/=/_/_/_/
 :: Spring Boot ::                (v3.1.0)

2023-06-06T17:38:36.082+03:00  INFO 9552 --- [           main] c.project.questo.QuestoApplicationTests  : Starting QuestoApplicationTests using Java 19.0.2 with PID 9552 (started by Şamxal in D:\Projects\questo)
2023-06-06T17:38:36.090+03:00  INFO 9552 --- [           main] c.project.questo.QuestoApplicationTests  : No active profile set, falling back to 1 default profile: "default"
2023-06-06T17:38:38.127+03:00  INFO 9552 --- [           main] o.s.b.a.w.s.WelcomePageHandlerMapping    : Adding welcome page template: index
2023-06-06T17:38:38.392+03:00  INFO 9552 --- [           main] c.project.questo.QuestoApplicationTests  : Started QuestoApplicationTests in 2.812 seconds (process running for 4.738)
]]></system-out>
  </testcase>
</testsuite>